This is pdfTeX, Version 3.1415926-1.40.8-beta-20080627 (MiKTeX 2.7) (preloaded format=latex 2008.8.31)  2 SEP 2009 05:30
entering extended mode
**nier.tex
(nier.tex
LaTeX2e <2005/12/01>
Babel <v3.8j> and hyphenation patterns for english, dumylang, nohyphenation, ge
rman, ngerman, german-x-2008-06-18, ngerman-x-2008-06-18, french, loaded.
(sig-alternate.cls ("C:\Program Files\MiKTeX 2.7\tex\latex\graphics\epsfig.sty"
Package: epsfig 1999/02/16 v1.7a (e)psfig emulation (SPQR)
("C:\Program Files\MiKTeX 2.7\tex\latex\graphics\graphicx.sty"
Package: graphicx 1999/02/16 v1.0f Enhanced LaTeX Graphics (DPC,SPQR)

("C:\Program Files\MiKTeX 2.7\tex\latex\graphics\keyval.sty"
Package: keyval 1999/03/16 v1.13 key=value parser (DPC)
\KV@toks@=\toks14
)
("C:\Program Files\MiKTeX 2.7\tex\latex\graphics\graphics.sty"
Package: graphics 2006/02/20 v1.0o Standard LaTeX Graphics (DPC,SPQR)

("C:\Program Files\MiKTeX 2.7\tex\latex\graphics\trig.sty"
Package: trig 1999/03/16 v1.09 sin cos tan (DPC)
)
("C:\Program Files\MiKTeX 2.7\tex\latex\00miktex\graphics.cfg"
File: graphics.cfg 2007/01/18 v1.5 graphics configuration of teTeX/TeXLive
)
Package graphics Info: Driver file: dvips.def on input line 90.

("C:\Program Files\MiKTeX 2.7\tex\latex\graphics\dvips.def"
File: dvips.def 1999/02/16 v3.0i Driver-dependant file (DPC,SPQR)
))
\Gin@req@height=\dimen102
\Gin@req@width=\dimen103
)
\epsfxsize=\dimen104
\epsfysize=\dimen105
)
("C:\Program Files\MiKTeX 2.7\tex\latex\amsfonts\amssymb.sty"
Package: amssymb 2002/01/22 v2.2d

("C:\Program Files\MiKTeX 2.7\tex\latex\amsfonts\amsfonts.sty"
Package: amsfonts 2001/10/25 v2.2f
\@emptytoks=\toks15
\symAMSa=\mathgroup4
\symAMSb=\mathgroup5
LaTeX Font Info:    Overwriting math alphabet `\mathfrak' in version `bold'
(Font)                  U/euf/m/n --> U/euf/b/n on input line 132.
))
("C:\Program Files\MiKTeX 2.7\tex\latex\amsmath\amsmath.sty"
Package: amsmath 2000/07/18 v2.13 AMS math features
\@mathmargin=\skip41

For additional information on amsmath, use the `?' option.
("C:\Program Files\MiKTeX 2.7\tex\latex\amsmath\amstext.sty"
Package: amstext 2000/06/29 v2.01

("C:\Program Files\MiKTeX 2.7\tex\latex\amsmath\amsgen.sty"
File: amsgen.sty 1999/11/30 v2.0
\@emptytoks=\toks16
\ex@=\dimen106
))
("C:\Program Files\MiKTeX 2.7\tex\latex\amsmath\amsbsy.sty"
Package: amsbsy 1999/11/29 v1.2d
\pmbraise@=\dimen107
)
("C:\Program Files\MiKTeX 2.7\tex\latex\amsmath\amsopn.sty"
Package: amsopn 1999/12/14 v2.01 operator names
)
\inf@bad=\count79
LaTeX Info: Redefining \frac on input line 211.
\uproot@=\count80
\leftroot@=\count81
LaTeX Info: Redefining \overline on input line 307.
\classnum@=\count82
\DOTSCASE@=\count83
LaTeX Info: Redefining \ldots on input line 379.
LaTeX Info: Redefining \dots on input line 382.
LaTeX Info: Redefining \cdots on input line 467.
\Mathstrutbox@=\box26
\strutbox@=\box27
\big@size=\dimen108
LaTeX Font Info:    Redeclaring font encoding OML on input line 567.
LaTeX Font Info:    Redeclaring font encoding OMS on input line 568.
\macc@depth=\count84
\c@MaxMatrixCols=\count85
\dotsspace@=\muskip10
\c@parentequation=\count86
\dspbrk@lvl=\count87
\tag@help=\toks17
\row@=\count88
\column@=\count89
\maxfields@=\count90
\andhelp@=\toks18
\eqnshift@=\dimen109
\alignsep@=\dimen110
\tagshift@=\dimen111
\tagwidth@=\dimen112
\totwidth@=\dimen113
\lineht@=\dimen114
\@envbody=\toks19
\multlinegap=\skip42
\multlinetaggap=\skip43
\mathdisplay@stack=\toks20
LaTeX Info: Redefining \[ on input line 2666.
LaTeX Info: Redefining \] on input line 2667.
)
Document Class 'sig-alternate' <7th. June '07>. Modified by G.K.M. Tobin/Gerry 
Murray
Based in part upon document Style `acmconf' <22 May 89>. Hacked 4/91 by
shivers@cs.cmu.edu, 4/93 by theobald@cs.mcgill.ca
Excerpts were taken from (Journal Style) 'esub2acm.cls'.
****** Bugs/comments/suggestions/technicalities to Gerry Murray -- murray@hq.ac
m.org ******
Questions on the style, SIGS policies, etc. to Adrienne Griscti griscti@acm.org

\footheight=\dimen115
\@maxsep=\dimen116
\@dblmaxsep=\dimen117
\aucount=\count91
\originalaucount=\count92
\auwidth=\dimen118
\auskip=\dimen119
\auskipcount=\count93
\auskip=\dimen120
\allauboxes=\dimen121
\addauthors=\toks21
\addauflag=\count94
\subtitletext=\toks22
\savesection=\count95
\sectioncntr=\count96
\c@figure=\count97
\c@table=\count98
\titleboxnotes=\toks23
\titleboxnoteflag=\count99
Document Class: sig-alternate 2007/06/07 - V2.3 - based on acmproc.cls V1.3 <No
v. 30 '99>
("C:\Program Files\MiKTeX 2.7\tex\latex\base\latexsym.sty"
Package: latexsym 1998/08/17 v2.2e Standard LaTeX package (lasy symbols)
\symlasy=\mathgroup6
LaTeX Font Info:    Overwriting symbol font `lasy' in version `bold'
(Font)                  U/lasy/m/n --> U/lasy/b/n on input line 47.
)
\@acmtitlebox=\box28
\titlenotecount=\count100
\tntoks=\toks24
\tntokstwo=\toks25
\tntoksthree=\toks26
\tntoksfour=\toks27
\tntoksfive=\toks28
\catcount=\count101
\copyrightnotice=\toks29
\conf=\toks30
\confinfo=\toks31
\c@part=\count102
\c@section=\count103
\c@subsection=\count104
\c@subsubsection=\count105
\c@paragraph=\count106

Using 'Abbrev' bibliography style
\bibindent=\dimen122
\colcntr=\count107
\savebox=\box29
\copyrtyr=\toks32
\acmcopyr=\toks33
\boilerplate=\toks34
\copyrightetc=\toks35
("C:\Program Files\MiKTeX 2.7\tex\latex\base\fontenc.sty"
Package: fontenc 2005/09/27 v1.99g Standard LaTeX package

("C:\Program Files\MiKTeX 2.7\tex\latex\base\t1enc.def"
File: t1enc.def 2005/09/27 v1.99g Standard LaTeX file
LaTeX Font Info:    Redeclaring font encoding T1 on input line 43.
)
LaTeX Font Info:    Try loading font information for T1+aer on input line 100.

("C:\Program Files\MiKTeX 2.7\tex\latex\ae\t1aer.fd"
File: t1aer.fd 1997/11/16 Font definitions for T1/aer.
)))
("C:\Program Files\MiKTeX 2.7\tex\latex\psnfss\times.sty"
Package: times 2005/04/12 PSNFSS-v9.2a (SPQR) 
) (algorithm.sty
Package: algorithm 

Document Style `algorithm' - floating environment
("C:\Program Files\MiKTeX 2.7\tex\latex\float\float.sty"
Package: float 2001/11/08 v1.3d Float enhancements (AL)
\c@float@type=\count108
\float@exts=\toks36
\float@box=\box30
\@float@everytoks=\toks37
\@floatcapt=\box31
)
("C:\Program Files\MiKTeX 2.7\tex\latex\base\ifthen.sty"
Package: ifthen 2001/05/26 v1.1c Standard LaTeX ifthen package (DPC)
)
\@float@every@algorithm=\toks38
\c@algorithm=\count109
) (algorithmic.sty
Package: algorithmic 2006/06/02

Document Style `algorithmic' - environment
("C:\Program Files\MiKTeX 2.7\tex\latex\tools\calc.sty"
Package: calc 2005/08/06 v4.2 Infix arithmetic (KKT,FJ)
\calc@Acount=\count110
\calc@Bcount=\count111
\calc@Adimen=\dimen123
\calc@Bdimen=\dimen124
\calc@Askip=\skip44
\calc@Bskip=\skip45
LaTeX Info: Redefining \setlength on input line 75.
LaTeX Info: Redefining \addtolength on input line 76.
\calc@Ccount=\count112
\calc@Cskip=\skip46
)
\c@ALC@line=\count113
\c@ALC@rem=\count114
\c@ALC@depth=\count115
\ALC@tlm=\skip47
\algorithmicindent=\skip48
)
("C:\Program Files\MiKTeX 2.7\tex\latex\ltxmisc\url.sty"
\Urlmuskip=\muskip11
Package: url 2006/04/12  ver 3.3  Verb mode for urls, etc.
) (macros.tex
("C:\Program Files\MiKTeX 2.7\tex\latex\epsf\epsf.sty"
This is `epsf.tex' v2.7.3 <23 July 2005>
\epsffilein=\read1
\epsfframemargin=\dimen125
\epsfframethickness=\dimen126
\epsfrsize=\dimen127
\epsftmp=\dimen128
\epsftsize=\dimen129
\epsfxsize=\dimen130
\epsfysize=\dimen131
\pspoints=\dimen132
) ("C:\Program Files\MiKTeX 2.7\tex\latex\tools\verbatim.sty"
Package: verbatim 2003/08/22 v1.5q LaTeX2e package for verbatim enhancements
\every@verbatim=\toks39
\verbatim@line=\toks40
\verbatim@in@stream=\read2
)
("C:\Program Files\MiKTeX 2.7\tex\latex\graphics\color.sty"
Package: color 2005/11/14 v1.0j Standard LaTeX Color (DPC)

("C:\Program Files\MiKTeX 2.7\tex\latex\00miktex\color.cfg"
File: color.cfg 2007/01/18 v1.5 color configuration of teTeX/TeXLive
)
Package color Info: Driver file: dvips.def on input line 130.

("C:\Program Files\MiKTeX 2.7\tex\latex\graphics\dvipsnam.def"
File: dvipsnam.def 1999/02/16 v3.0i Driver-dependant file (DPC,SPQR)
))
("C:\Program Files\MiKTeX 2.7\tex\latex\base\alltt.sty"
Package: alltt 1997/06/16 v2.0g defines alltt environment
)
\c@definition=\count116
) (nier.aux

LaTeX Warning: Label `alg:ICFG' multiply defined.


LaTeX Warning: Label `alg:ICFG' multiply defined.

)
LaTeX Font Info:    Checking defaults for OML/cmm/m/it on input line 17.
LaTeX Font Info:    ... okay on input line 17.
LaTeX Font Info:    Checking defaults for T1/cmr/m/n on input line 17.
LaTeX Font Info:    ... okay on input line 17.
LaTeX Font Info:    Checking defaults for OT1/cmr/m/n on input line 17.
LaTeX Font Info:    ... okay on input line 17.
LaTeX Font Info:    Checking defaults for OMS/cmsy/m/n on input line 17.
LaTeX Font Info:    ... okay on input line 17.
LaTeX Font Info:    Checking defaults for OMX/cmex/m/n on input line 17.
LaTeX Font Info:    ... okay on input line 17.
LaTeX Font Info:    Checking defaults for U/cmr/m/n on input line 17.
LaTeX Font Info:    ... okay on input line 17.
LaTeX Font Info:    Try loading font information for T1+ptm on input line 17.
 ("C:\Program Files\MiKTeX 2.7\tex\latex\psnfss\t1ptm.fd"
File: t1ptm.fd 2001/06/04 font definitions for T1/ptm.
)
LaTeX Font Info:    Try loading font information for U+msa on input line 28.

("C:\Program Files\MiKTeX 2.7\tex\latex\amsfonts\umsa.fd"
File: umsa.fd 2002/01/19 v2.2g AMS font definitions
)
LaTeX Font Info:    Try loading font information for U+msb on input line 28.

("C:\Program Files\MiKTeX 2.7\tex\latex\amsfonts\umsb.fd"
File: umsb.fd 2002/01/19 v2.2g AMS font definitions
)
LaTeX Font Info:    Try loading font information for U+lasy on input line 28.

("C:\Program Files\MiKTeX 2.7\tex\latex\base\ulasy.fd"
File: ulasy.fd 1998/08/17 v2.2e LaTeX symbol font definitions
) (abstract.tex)
(Introduction.tex
LaTeX Font Info:    Try loading font information for T1+pcr on input line 26.
 ("C:\Program Files\MiKTeX 2.7\tex\latex\psnfss\t1pcr.fd"
File: t1pcr.fd 2001/06/04 font definitions for T1/pcr.
)
[1


]
LaTeX Font Info:    Font shape `T1/ptm/bx/n' in size <9> not available
(Font)              Font shape `T1/ptm/b/n' tried instead on input line 36.
) (background.tex) (example.tex
File: Figures/examp.eps Graphic file (type eps)
 <Figures/examp.eps>

LaTeX Warning: Reference `fig:CFG' on page \thepage  undefined on input line 43
.


Overfull \hbox (8.0377pt too wide) in paragraph at lines 54--60
\T1/ptm/m/n/9 the pro-gram code such that the trans-formed pro-gram code is ame
nable
 []


Overfull \hbox (4.19489pt too wide) in paragraph at lines 61--63
\T1/ptm/m/n/9 men-ta-tion. The \T1/pcr/m/n/8 Instrumenter \T1/ptm/m/n/9 com-po-
nent in-serts a state-ment (Line
 []


Overfull \hbox (1.07753pt too wide) in paragraph at lines 61--63
\T1/pcr/m/n/8 ("uniqueName", x == currentX)[] \T1/ptm/m/n/9 in the gen-er-ated 
test, where
 []

[2]
LaTeX Font Info:    Font shape `T1/pcr/bx/n' in size <7> not available
(Font)              Font shape `T1/pcr/b/n' tried instead on input line 67.

Overfull \hbox (4.27898pt too wide) in paragraph at lines 71--71
[][]\T1/pcr/m/n/7 12  \T1/pcr/b/n/7 PexStore.ValueForValidation\T1/pcr/m/n/7 ("
uniqueName", x);[] 
 []


Overfull \hbox (3.47809pt too wide) in paragraph at lines 85--86
\T1/ptm/m/n/9 first search. \T1/pcr/m/n/8 Dynamic Test Generator \T1/ptm/m/n/9 
im-ple-ments a search strat-
 []

File: Figures/ex2.eps Graphic file (type eps)
<Figures/ex2.eps>
File: Figures/exTree.eps Graphic file (type eps)
 <Figures/exTree.eps>) (approach.tex [3]
File: Figures/appr.eps Graphic file (type eps)
 <Figures/appr.eps>
LaTeX Font Info:    Font shape `T1/ptm/bx/n' in size <8> not available
(Font)              Font shape `T1/ptm/b/n' tried instead on input line 13.
LaTeX Font Info:    Font shape `T1/pcr/bx/n' in size <8> not available
(Font)              Font shape `T1/pcr/b/n' tried instead on input line 13.

Overfull \hbox (14.62007pt too wide) in paragraph at lines 21--22
\T1/ptm/m/n/9 the pro-gram while us-ing the dif-fer-ences ob-tained from the \T
1/pcr/m/n/8 Difference
 []


Overfull \hbox (1.46455pt too wide) in paragraph at lines 57--58
[] [][]$\OML/cmm/m/it/9 ReachableToChangedRegion:Add\OT1/cmr/m/n/9 (\OML/cmm/m/
it/9 m\OT1/cmr/m/n/9 )$ 
 []

[4]
Overfull \hbox (7.44331pt too wide) in paragraph at lines 86--87
[][] $\OML/cmm/m/it/9 c$ \T1/ptm/b/n/9 is al-ready vis-ited. \T1/ptm/m/n/9 If $
\OML/cmm/m/it/9 c$ \T1/ptm/m/n/9 is al-ready vis-ited, \T1/pcr/m/n/8 InterProce
dural
 []


Overfull \hbox (8.36504pt too wide) in paragraph at lines 87--88
\T1/pcr/m/n/8 ToChangedRegion \T1/ptm/m/n/9 is pop-u-lated when-ever a changed 
method[]
 []


Overfull \hbox (20.16139pt too wide) in paragraph at lines 92--93
[][]\T1/ptm/m/n/9 The \T1/pcr/m/n/8 Graph Traverser \T1/ptm/m/n/9 com-po-nent t
akes as in-put the inter-procedural
 []


LaTeX Warning: `!h' float specifier changed to `!ht'.


LaTeX Warning: `!h' float specifier changed to `!ht'.


LaTeX Warning: Text page \thepage  contains only floats.


Overfull \vbox (1.05978pt too high) has occurred while \output is active []


[5]
Overfull \hbox (8.0377pt too wide) in paragraph at lines 186--187
\T1/ptm/m/n/9 the pro-gram code such that the trans-formed pro-gram code is ame
nable
 []


Overfull \hbox (7.0539pt too wide) in paragraph at lines 188--195
\T1/ptm/m/n/9 tween method $\OML/cmm/m/it/9 M[]$ \T1/ptm/m/n/9 and $\OML/cmm/m/
it/9 M[]$\T1/ptm/m/n/9 ) pro-duced by the \T1/pcr/m/n/8 Difference Finder\T1/pt
m/m/n/9 .
 []


Overfull \hbox (10.97394pt too wide) in paragraph at lines 188--195
\T1/ptm/m/n/9 for a vari-able $\OML/cmm/m/it/9 x$ \T1/ptm/m/n/9 re-sults in an 
as-ser-tion state-ment \T1/pcr/m/n/8 PexAssert.IsTrue(
 []


Overfull \hbox (4.06068pt too wide) in paragraph at lines 232--233
\T1/ptm/m/n/9 whose the other un-ex-plored branch can-not lead to any changed
 []


Overfull \hbox (16.43573pt too wide) in paragraph at lines 232--233
\T1/ptm/m/n/9 re-gion. These branches are ob-tained from the \T1/pcr/m/n/8 Grap
h Traversal
 []

[6]) (implementation.tex) (evaluation.tex
Overfull \hbox (3.44234pt too wide) in paragraph at lines 4--19
\T1/ptm/m/n/9 be-tween the two ver-sions of a pro-gram than with-out us-ing \T1
/pcr/m/n/8 eXpress\T1/ptm/m/n/9 ? 
 []


Overfull \hbox (1.77074pt too wide) in paragraph at lines 68--69
\T1/ptm/m/n/9 col-lected all the ver-sions of snap-shots for the classes \T1/pc
r/m/n/8 StructLexer\T1/ptm/m/n/9 ,
 []

[7]

LaTeX Font Warning: Command \small invalid in math mode on input line 120.


LaTeX Font Warning: Command \small invalid in math mode on input line 120.


LaTeX Font Warning: Command \small invalid in math mode on input line 120.


LaTeX Font Warning: Command \small invalid in math mode on input line 120.


LaTeX Font Warning: Command \small invalid in math mode on input line 120.


LaTeX Font Warning: Command \small invalid in math mode on input line 120.


LaTeX Font Warning: Command \small invalid in math mode on input line 120.


LaTeX Font Warning: Command \small invalid in math mode on input line 120.


Overfull \hbox (23.21738pt too wide) in paragraph at lines 116--176
 [][] 
 []


Underfull \hbox (badness 10000) in paragraph at lines 182--182
[][]$\T1/pcr/m/n/9 https : / / sites . google . com / site / asergrp /
 []


Overfull \hbox (9.43623pt too wide) in paragraph at lines 182--184
\T1/ptm/m/n/9 we only pro-vide the to-tal and av-er-age val-ues for the sub-jec
ts \T1/pcr/m/n/8 replace\T1/ptm/m/n/9 ,
 []


Overfull \hbox (2.45758pt too wide) in paragraph at lines 208--228
 [][] 
 []


Overfull \hbox (1.18085pt too wide) in paragraph at lines 192--234
\T1/pcr/m/n/8 StructParser \T1/ptm/m/n/9 due to a large num-ber of method in-vo
-ca-tions. How-
 []


Underfull \vbox (badness 10000) has occurred while \output is active []

 [8]
Underfull \vbox (badness 10000) has occurred while \output is active []


Underfull \vbox (badness 10000) has occurred while \output is active []

 [9]
Overfull \hbox (8.06819pt too wide) in paragraph at lines 269--278
\T1/ptm/b/n/9 RQ4. \T1/pcr/m/n/8 eXpress \T1/ptm/m/n/9 gen-er-ates 170.2% more 
tests that ex-e-cute the changed
 []

) (discussion.tex) (related.tex) (conclusions.tex
Overfull \hbox (8.35324pt too wide) in paragraph at lines 6--12
\T1/ptm/b/n/9 Granularity of Changed Re-gion. \T1/ptm/m/n/9 In our cur-rent ap-
proach, a changed
 []


Overfull \hbox (8.65825pt too wide) in paragraph at lines 6--12
\T1/ptm/m/n/9 re-gion is the list of con-tin-u-ous in-struc-tions that in-clude
 all the changed
 []


Overfull \hbox (4.60902pt too wide) in paragraph at lines 6--12
\T1/ptm/m/n/9 in-struc-tions in a method. One method can have only a sin-gle ch
anged
 []


Overfull \hbox (15.86739pt too wide) in paragraph at lines 6--12
\T1/ptm/m/n/9 more promis-ing in de-tect-ing be-hav-ioral dif-fer-ences than ot
h-ers. Branch-
 []


Overfull \hbox (2.59639pt too wide) in paragraph at lines 6--12
\T1/ptm/b/n/9 Pruning of Branches for Prop-a-ga-tion. \T1/ptm/m/n/9 Cur-rently,
 \T1/pcr/m/n/8 eXpress \T1/ptm/m/n/9 prunes
 []

[10]
Underfull \vbox (badness 10000) has occurred while \output is active []

) (nier.bbl [11]) [12

] (nier.aux)

LaTeX Warning: There were undefined references.


LaTeX Warning: There were multiply-defined labels.

 ) 
Here is how much of TeX's memory you used:
 2779 strings out of 95306
 30525 string characters out of 1183079
 126772 words of memory out of 1500000
 5886 multiletter control sequences out of 110000
 50906 words of font info for 72 fonts, out of 1200000 for 2000
 14 hyphenation exceptions out of 8191
 39i,14n,26p,2269b,665s stack positions out of 5000i,500n,10000p,200000b,5000s

Output written on nier.dvi (12 pages, 127580 bytes).
